[0.000][INFO]:      ChromeDriver 23.0.1240.0 /usr/bin/chromedriver
[1.003][FINE]:      Initializing session with capabilities {
   "browserName": "chrome",
   "chromeOptions": {
      "args": [  ],
      "binary": "",
      "extensions": [  ]
   },
   "javascriptEnabled": true,
   "platform": "ANY",
   "version": ""
}

[1.004][INFO]:      Launching chrome: /usr/bin/google-chrome --enable-logging --log-level=1 --disable-hang-monitor --disable-prompt-on-repost --dom-automation --full-memory-crash-report --no-default-browser-check --no-first-run --disable-background-networking --disable-sync --disable-translate --disable-web-resources --safebrowsing-disable-auto-update --safebrowsing-disable-download-protection --disable-client-side-phishing-detection --disable-component-update --disable-default-apps --password-store=basic --ignore-certificate-errors about:blank
[1.519][INFO]:      Connected to Chrome successfully. Version: 22.0.1229.94
[1.562][FINE]:      Command received (/session/3cbe37e7974b4cf18aee36e25da2fe58)
[1.563][FINE]:      Command finished (/session/3cbe37e7974b4cf18aee36e25da2fe58) with response {
   "sessionId": "3cbe37e7974b4cf18aee36e25da2fe58",
   "status": 0,
   "value": {
      "acceptSslCerts": false,
      "applicationCacheEnabled": false,
      "browserConnectionEnabled": false,
      "browserName": "chrome",
      "chrome.chromedriverVersion": "23.0.1240.0",
      "chrome.nativeEvents": false,
      "cssSelectorsEnabled": true,
      "databaseEnabled": false,
      "handlesAlerts": true,
      "javascriptEnabled": true,
      "locationContextEnabled": false,
      "nativeEvents": true,
      "platform": "linux",
      "rotatable": false,
      "takesScreenshot": true,
      "version": "22.0.1229.94",
      "webStorageEnabled": true
   }
}

[1.569][FINE]:      Command received (/session/3cbe37e7974b4cf18aee36e25da2fe58/url) with params {
   "sessionId": "3cbe37e7974b4cf18aee36e25da2fe58",
   "url": "http://www.myhabit.com"
}

[1.569][FINER]:     Waiting for all views to stop loading...
[1.569][FINER]:     Done waiting for all views to stop loading
[2.862][FINER]:     Waiting for all views to stop loading...
[19.729][FINER]:    Done waiting for all views to stop loading
[19.729][FINE]:     Command finished (/session/3cbe37e7974b4cf18aee36e25da2fe58/url) with response {
   "sessionId": "3cbe37e7974b4cf18aee36e25da2fe58",
   "status": 0,
   "value": {

   }
}

[19.734][FINE]:     Command received (/session/3cbe37e7974b4cf18aee36e25da2fe58/element) with params {
   "sessionId": "3cbe37e7974b4cf18aee36e25da2fe58",
   "using": "id",
   "value": "ap_email"
}

[19.734][FINER]:    Waiting for all views to stop loading...
[19.737][FINER]:    Done waiting for all views to stop loading
[19.770][FINER]:    Waiting for all views to stop loading...
[19.771][FINER]:    Done waiting for all views to stop loading
[19.771][FINE]:     Command finished (/session/3cbe37e7974b4cf18aee36e25da2fe58/element) with response {
   "sessionId": "3cbe37e7974b4cf18aee36e25da2fe58",
   "status": 0,
   "value": {
      "ELEMENT": ":wdc:1350883976653"
   }
}

[19.772][FINE]:     Command received (/session/3cbe37e7974b4cf18aee36e25da2fe58/element/:wdc:1350883976653/value) with params {
   "id": ":wdc:1350883976653",
   "sessionId": "3cbe37e7974b4cf18aee36e25da2fe58",
   "value": [ "h", "u", "a", "n", "z", "h", "u", "@", "f", "a", "v", "b", "u", "y", ".", "c", "o", "m" ]
}

[19.773][FINER]:    Waiting for all views to stop loading...
[19.773][FINER]:    Done waiting for all views to stop loading
[19.899][FINER]:    Waiting for all views to stop loading...
[19.899][FINER]:    Done waiting for all views to stop loading
[19.899][FINE]:     Command finished (/session/3cbe37e7974b4cf18aee36e25da2fe58/element/:wdc:1350883976653/value) with response {
   "sessionId": "3cbe37e7974b4cf18aee36e25da2fe58",
   "status": 0,
   "value": {

   }
}

[19.900][FINE]:     Command received (/session/3cbe37e7974b4cf18aee36e25da2fe58/element) with params {
   "sessionId": "3cbe37e7974b4cf18aee36e25da2fe58",
   "using": "id",
   "value": "ap_password"
}

[19.900][FINER]:    Waiting for all views to stop loading...
[19.900][FINER]:    Done waiting for all views to stop loading
[19.911][FINER]:    Waiting for all views to stop loading...
[19.912][FINER]:    Done waiting for all views to stop loading
[19.912][FINE]:     Command finished (/session/3cbe37e7974b4cf18aee36e25da2fe58/element) with response {
   "sessionId": "3cbe37e7974b4cf18aee36e25da2fe58",
   "status": 0,
   "value": {
      "ELEMENT": ":wdc:1350883976654"
   }
}

[19.914][FINE]:     Command received (/session/3cbe37e7974b4cf18aee36e25da2fe58/element/:wdc:1350883976654/value) with params {
   "id": ":wdc:1350883976654",
   "sessionId": "3cbe37e7974b4cf18aee36e25da2fe58",
   "value": [ "4", "1", "1", "0", "0", "5", "0", "2", "0", "9" ]
}

[19.914][FINER]:    Waiting for all views to stop loading...
[19.914][FINER]:    Done waiting for all views to stop loading
[20.017][FINER]:    Waiting for all views to stop loading...
[20.017][FINER]:    Done waiting for all views to stop loading
[20.017][FINE]:     Command finished (/session/3cbe37e7974b4cf18aee36e25da2fe58/element/:wdc:1350883976654/value) with response {
   "sessionId": "3cbe37e7974b4cf18aee36e25da2fe58",
   "status": 0,
   "value": {

   }
}

[20.019][FINE]:     Command received (/session/3cbe37e7974b4cf18aee36e25da2fe58/element) with params {
   "sessionId": "3cbe37e7974b4cf18aee36e25da2fe58",
   "using": "id",
   "value": "signInSubmit"
}

[20.019][FINER]:    Waiting for all views to stop loading...
[20.020][FINER]:    Done waiting for all views to stop loading
[20.041][FINER]:    Waiting for all views to stop loading...
[20.042][FINER]:    Done waiting for all views to stop loading
[20.042][FINE]:     Command finished (/session/3cbe37e7974b4cf18aee36e25da2fe58/element) with response {
   "sessionId": "3cbe37e7974b4cf18aee36e25da2fe58",
   "status": 0,
   "value": {
      "ELEMENT": ":wdc:1350883976655"
   }
}

[20.044][FINE]:     Command received (/session/3cbe37e7974b4cf18aee36e25da2fe58/element/:wdc:1350883976655/submit) with params {
   "id": ":wdc:1350883976655",
   "sessionId": "3cbe37e7974b4cf18aee36e25da2fe58"
}

[20.044][FINER]:    Waiting for all views to stop loading...
[20.044][FINER]:    Done waiting for all views to stop loading
[20.072][FINER]:    Waiting for all views to stop loading...
[74.297][FINER]:    Done waiting for all views to stop loading
[74.298][FINE]:     Command finished (/session/3cbe37e7974b4cf18aee36e25da2fe58/element/:wdc:1350883976655/submit) with response {
   "sessionId": "3cbe37e7974b4cf18aee36e25da2fe58",
   "status": 0,
   "value": null
}

